2024-02-18T17:05:54.572Z error: Email already exists
2024-02-18T21:10:21.775Z error: New password must be different from the current one
2024-02-18T21:51:25.045Z error: User Not Found
2024-02-18T21:52:37.004Z error: User Not Found
2024-02-18T22:11:52.261Z error: New password must be different from the current one
2024-02-19T10:36:44.422Z error: Premium user can only delete their own products
2024-02-19T10:54:56.390Z error: Premium user can only delete their own products
2024-02-19T10:58:06.759Z error: Premium user can only delete their own products
2024-02-19T11:01:51.015Z error: Premium user can only delete their own products
2024-02-19T11:07:41.766Z error: Error deleting product:Cannot access 'userId' before initialization
2024-02-19T11:10:22.224Z error: Premium user can only delete their own products
2024-02-29T10:10:40.923Z error: Error fetching cart:Cannot read properties of null (reading 'price')
2024-02-29T10:10:48.014Z error: Error fetching cart:Cannot read properties of null (reading 'price')
2024-02-29T10:11:32.247Z error: Error deleting product from cart:No matching document found for id "65e05842d7540d24e0862eac" version 4 modifiedPaths "products"
2024-02-29T10:11:32.252Z error: Error deleting product from cart:No matching document found for id "65e05842d7540d24e0862eac" version 4 modifiedPaths "products"
2024-02-29T10:11:32.268Z error: Error deleting product from cart:No matching document found for id "65e05842d7540d24e0862eac" version 4 modifiedPaths "products"
2024-02-29T10:23:00.784Z error: Error fetching product by ID:Cast to ObjectId failed for value "mock" (type string) at path "_id" for model "products"
2024-02-29T10:24:55.234Z error: Error fetching product by ID:Cast to ObjectId failed for value "mock" (type string) at path "_id" for model "products"
2024-02-29T10:43:03.839Z error: Error fetching product by ID:Cast to ObjectId failed for value "6574bfddcb529059d1571c9s" (type string) at path "_id" for model "products"
2024-02-29T14:49:56.106Z error: Error fetching cart:Cast to ObjectId failed for value "65e05842d7540d24e0862eaz" (type string) at path "_id" for model "carts"
2024-02-29T14:51:09.868Z error: Error fetching product by ID:Cast to ObjectId failed for value "6574bfddcb529059d1571c9z" (type string) at path "_id" for model "products"
2024-02-29T15:15:17.729Z error: Error fetching cart:Cannot read properties of null (reading 'price')
2024-02-29T15:15:39.982Z error: Error fetching cart:Cannot read properties of null (reading 'price')
2024-02-29T15:15:45.148Z error: Error fetching cart:Cannot read properties of null (reading 'price')
2024-02-29T15:16:09.183Z error: Error fetching cart:Cannot read properties of null (reading 'price')
2024-02-29T15:16:30.964Z error: Error fetching cart:Cannot read properties of null (reading 'price')
2024-02-29T15:16:42.823Z error: Error fetching cart:Cannot read properties of null (reading 'price')
2024-02-29T15:16:52.803Z error: Error fetching cart:Cannot read properties of null (reading 'price')
2024-02-29T15:17:50.827Z error: Error fetching cart:Cannot read properties of null (reading 'price')
2024-03-06T09:19:43.481Z error: Error fetching cart:Cannot read properties of null (reading 'price')
2024-03-06T09:19:49.116Z error: Error fetching cart:Cannot read properties of null (reading 'price')
2024-03-06T13:31:06.699Z error: Error checking for cart:Cast to ObjectId failed for value "user_id" (type string) at path "userId" for model "carts"
2024-03-06T13:41:31.789Z error: Error checking for cart:Cast to ObjectId failed for value "user_id" (type string) at path "userId" for model "carts"
2024-03-06T13:43:44.368Z error: Error fetching products:Operation `products.find()` buffering timed out after 10000ms
2024-03-06T13:44:19.678Z error: Error checking for cart:Cast to ObjectId failed for value "user_id" (type string) at path "userId" for model "carts"
2024-03-06T20:12:04.893Z error: Error fetching product by ID:Cast to ObjectId failed for value "valid_product_id" (type string) at path "_id" for model "products"
